<?xml version="1.0" encoding="UTF-8"?>
<testng-results ignored="0" total="1" passed="1" failed="0" skipped="0">
  <reporter-output>
  </reporter-output>
  <suite started-at="2023-10-11T17:03:39 IST" name="Default suite" finished-at="2023-10-11T17:03:48 IST" duration-ms="9646">
    <groups>
    </groups>
    <test started-at="2023-10-11T17:03:39 IST" name="Default test" finished-at="2023-10-11T17:03:48 IST" duration-ms="9646">
      <class name="Actitime.LoginPageToActiTime">
        <test-method signature="logIntoAppTest()[pri:0, instance:Actitime.LoginPageToActiTime@f0c8a99]" started-at="2023-10-11T17:03:39 IST" name="logIntoAppTest" finished-at="2023-10-11T17:03:48 IST" duration-ms="9587" status="PASS">
          <reporter-output>
          </reporter-output>
        </test-method> <!-- logIntoAppTest -->
      </class> <!-- Actitime.LoginPageToActiTime -->
    </test> <!-- Default test -->
  </suite> <!-- Default suite -->
</testng-results>
